<?xml version="1.0" encoding="UTF-8"?>
<web-app version="3.0" xmlns="http://java.sun.com/xml/ns/javaee" xmlns:xml="http://www.w3.org/XML/1998/namespace"
	xmlns:xsi="http://www.w3.org/2001/XMLSchema-instance" xsi:schemaLocation="http://java.sun.com/xml/ns/javaee http://java.sun.com/xml/ns/javaee/web-app_3_0.xsd ">

	<context-param>
		<param-name>primefaces.FONT_AWESOME</param-name>
		<param-value>true</param-value>
	</context-param>

	<context-param>
		<param-name>primefaces.THEME</param-name>
		<param-value>#{themeService.currentTheme}</param-value>
	</context-param>

	<context-param>
		<param-name>javax.faces.PROJECT_STAGE</param-name>
		<param-value>Production</param-value>
	</context-param>

	<context-param>
		<param-name>javax.faces.FACELETS_SKIP_COMMENTS</param-name>
		<param-value>true</param-value>
	</context-param>

	<context-param>
		<param-name>org.apache.myfaces.SERIALIZE_STATE_IN_SESSION</param-name>
		<param-value>false</param-value>
	</context-param>

	<servlet>
		<servlet-name>Faces Servlet</servlet-name>
		<servlet-class>javax.faces.webapp.FacesServlet</servlet-class>
		<load-on-startup>1</load-on-startup>
	</servlet>
	<servlet-mapping>
		<servlet-name>Faces Servlet</servlet-name>
		<url-pattern>*.xhtml</url-pattern>
	</servlet-mapping>

	<filter>
		<filter-name>PrimeFaces FileUpload Filter</filter-name>
		<filter-class>org.primefaces.webapp.filter.FileUploadFilter</filter-class>
	</filter>

	<filter-mapping>
		<filter-name>PrimeFaces FileUpload Filter</filter-name>
		<servlet-name>Faces Servlet</servlet-name>
	</filter-mapping>

	<welcome-file-list>
		<welcome-file>index.xhtml</welcome-file>
	</welcome-file-list>

	<mime-mapping>
		<extension>eot</extension>
		<mime-type>application/vnd.ms-fontobject</mime-type>
	</mime-mapping>
	<mime-mapping>
		<extension>otf</extension>
		<mime-type>font/opentype</mime-type>
	</mime-mapping>
	<mime-mapping>
		<extension>ttf</extension>
		<mime-type>application/x-font-ttf</mime-type>
	</mime-mapping>
	<mime-mapping>
		<extension>woff</extension>
		<mime-type>application/x-font-woff</mime-type>
	</mime-mapping>
	<mime-mapping>
		<extension>svg</extension>
		<mime-type>image/svg+xml</mime-type>
	</mime-mapping>

    <mime-mapping>
        <extension>ttf</extension>
        <mime-type>application/font-sfnt</mime-type>
    </mime-mapping>
    <mime-mapping>
        <extension>woff</extension>
        <mime-type>application/font-woff</mime-type>
    </mime-mapping>
    <mime-mapping>
        <extension>woff2</extension>
        <mime-type>application/font-woff2</mime-type>
    </mime-mapping>
    <mime-mapping>
        <extension>eot</extension>
        <mime-type>application/vnd.ms-fontobject</mime-type>
    </mime-mapping>
    <mime-mapping>
        <extension>eot?#iefix</extension>
        <mime-type>application/vnd.ms-fontobject</mime-type>
    </mime-mapping>
    <mime-mapping>
        <extension>svg</extension>
        <mime-type>image/svg+xml</mime-type>
    </mime-mapping>
    <mime-mapping>
        <extension>svg#exosemibold</extension>
        <mime-type>image/svg+xml</mime-type>
    </mime-mapping>
    <mime-mapping>
        <extension>svg#exobolditalic</extension>
        <mime-type>image/svg+xml</mime-type>
    </mime-mapping>
    <mime-mapping>
        <extension>svg#exomedium</extension>
        <mime-type>image/svg+xml</mime-type>
    </mime-mapping>
    <mime-mapping>
        <extension>svg#exoregular</extension>
        <mime-type>image/svg+xml</mime-type>
    </mime-mapping>
    <mime-mapping>
        <extension>svg#fontawesomeregular</extension>
        <mime-type>image/svg+xml</mime-type>
    </mime-mapping>
</web-app>
